<?xml version="1.0" encoding="UTF-8"?>
<testsuite name="com.test.realation.member.MemberTest" tests="1" skipped="0" failures="0" errors="0" timestamp="2023-10-18T04:47:13" hostname="suhwparkui-MacBookAir.local" time="0.618">
  <properties/>
  <testcase name="memberEntityTest()" classname="com.test.realation.member.MemberTest" time="0.618"/>
  <system-out><![CDATA[13:47:10.752 [Test worker] INFO org.springframework.test.context.support.AnnotationConfigContextLoaderUtils -- Could not detect default configuration classes for test class [com.test.realation.member.MemberTest]: MemberTest does not declare any static, non-private, non-final, nested classes annotated with @Configuration.
13:47:10.833 [Test worker] INFO org.springframework.boot.test.context.SpringBootTestContextBootstrapper -- Found @SpringBootConfiguration com.test.realation.RealationApplication for test class com.test.realation.member.MemberTest

  .   ____          _            __ _ _
 /\\ / ___'_ __ _ _(_)_ __  __ _ \ \ \ \
( ( )\___ | '_ | '_| | '_ \/ _` | \ \ \ \
 \\/  ___)| |_)| | | | | || (_| |  ) ) ) )
  '  |____| .__|_| |_|_| |_\__, | / / / /
 =========|_|==============|___/=/_/_/_/
 :: Spring Boot ::                (v3.1.4)

2023-10-18T13:47:11.108+09:00  INFO 829 --- [    Test worker] com.test.realation.member.MemberTest     : Starting MemberTest using Java 17.0.8 with PID 829 (started by parksuhwan in /Users/parksuhwan/Desktop/realation)
2023-10-18T13:47:11.110+09:00  INFO 829 --- [    Test worker] com.test.realation.member.MemberTest     : No active profile set, falling back to 1 default profile: "default"
2023-10-18T13:47:11.672+09:00  INFO 829 --- [    Test worker] .s.d.r.c.RepositoryConfigurationDelegate : Bootstrapping Spring Data JPA repositories in DEFAULT mode.
2023-10-18T13:47:11.711+09:00  INFO 829 --- [    Test worker] .s.d.r.c.RepositoryConfigurationDelegate : Finished Spring Data repository scanning in 33 ms. Found 2 JPA repository interfaces.
2023-10-18T13:47:11.913+09:00  INFO 829 --- [    Test worker] trationDelegate$BeanPostProcessorChecker : Bean 'org.springframework.ws.config.annotation.DelegatingWsConfiguration' of type [org.springframework.ws.config.annotation.DelegatingWsConfiguration$$SpringCGLIB$$0] is not eligible for getting processed by all BeanPostProcessors (for example: not eligible for auto-proxying)
2023-10-18T13:47:11.945+09:00  INFO 829 --- [    Test worker] .w.s.a.s.AnnotationActionEndpointMapping : Supporting [WS-Addressing August 2004, WS-Addressing 1.0]
2023-10-18T13:47:12.045+09:00  INFO 829 --- [    Test worker] com.zaxxer.hikari.HikariDataSource       : HikariPool-1 - Starting...
2023-10-18T13:47:12.188+09:00  INFO 829 --- [    Test worker] com.zaxxer.hikari.pool.HikariPool        : HikariPool-1 - Added connection conn0: url=jdbc:h2:mem:ec8a91dc-2f45-40ca-bd97-f5c23bf79b11 user=SA
2023-10-18T13:47:12.189+09:00  INFO 829 --- [    Test worker] com.zaxxer.hikari.HikariDataSource       : HikariPool-1 - Start completed.
2023-10-18T13:47:12.228+09:00  INFO 829 --- [    Test worker] o.hibernate.jpa.internal.util.LogHelper  : HHH000204: Processing PersistenceUnitInfo [name: default]
2023-10-18T13:47:12.269+09:00  INFO 829 --- [    Test worker] org.hibernate.Version                    : HHH000412: Hibernate ORM core version 6.2.9.Final
2023-10-18T13:47:12.271+09:00  INFO 829 --- [    Test worker] org.hibernate.cfg.Environment            : HHH000406: Using bytecode reflection optimizer
2023-10-18T13:47:12.373+09:00  INFO 829 --- [    Test worker] o.h.b.i.BytecodeProviderInitiator        : HHH000021: Bytecode provider name : bytebuddy
2023-10-18T13:47:12.473+09:00  INFO 829 --- [    Test worker] o.s.o.j.p.SpringPersistenceUnitInfo      : No LoadTimeWeaver setup: ignoring JPA class transformer
2023-10-18T13:47:12.718+09:00  INFO 829 --- [    Test worker] o.h.b.i.BytecodeProviderInitiator        : HHH000021: Bytecode provider name : bytebuddy
2023-10-18T13:47:13.265+09:00  INFO 829 --- [    Test worker] o.h.e.t.j.p.i.JtaPlatformInitiator       : HHH000490: Using JtaPlatform implementation: [org.hibernate.engine.transaction.jta.platform.internal.NoJtaPlatform]
2023-10-18T13:47:13.296+09:00  INFO 829 --- [    Test worker] j.LocalContainerEntityManagerFactoryBean : Initialized JPA EntityManagerFactory for persistence unit 'default'
2023-10-18T13:47:13.656+09:00  WARN 829 --- [    Test worker] JpaBaseConfiguration$JpaWebConfiguration : spring.jpa.open-in-view is enabled by default. Therefore, database queries may be performed during view rendering. Explicitly configure spring.jpa.open-in-view to disable this warning
2023-10-18T13:47:13.913+09:00  INFO 829 --- [    Test worker] com.test.realation.member.MemberTest     : Started MemberTest in 2.968 seconds (process running for 4.039)
]]></system-out>
  <system-err><![CDATA[]]></system-err>
</testsuite>
